[0m15:40:52.732621 [debug] [MainThread]: Sending event: {'category': 'dbt', 'action': 'invocation', 'label': 'start', 'context': [<snowplow_tracker.self_describing_json.SelfDescribingJson object at 0x000001E9C6AD6660>, <snowplow_tracker.self_describing_json.SelfDescribingJson object at 0x000001E9C37EB250>, <snowplow_tracker.self_describing_json.SelfDescribingJson object at 0x000001E9C8E7FB10>]}


============================== 15:40:52.736255 | 477c38e2-2dc9-4170-9281-ad997452d631 ==============================
[0m15:40:52.736255 [info ] [MainThread]: Running with dbt=1.11.11
[0m15:40:52.736766 [debug] [MainThread]: running dbt with arguments {'version_check': 'True', 'no_print': 'None', 'static_parser': 'True', 'warn_error_options': 'WarnErrorOptionsV2(error=[], warn=[], silence=[])', 'target_path': 'None', 'printer_width': '80', 'write_json': 'True', 'empty': 'None', 'log_cache_events': 'False', 'introspect': 'True', 'cache_selected_only': 'False', 'log_format': 'default', 'debug': 'False', 'fail_fast': 'False', 'partial_parse': 'True', 'send_anonymous_usage_stats': 'True', 'quiet': 'False', 'warn_error': 'None', 'profiles_dir': 'C:\\Users\\dorlo\\.dbt', 'invocation_command': 'dbt init nyc311', 'use_colors': 'True', 'indirect_selection': 'eager', 'use_experimental_parser': 'False', 'log_path': 'logs'}
[0m15:40:52.749099 [info ] [MainThread]: Creating dbt configuration folder at C:\Users\dorlo\.dbt
[0m15:40:52.750778 [debug] [MainThread]: Starter project path: C:\Users\dorlo\OneDrive\Documents\Projects\NYC_311_Neighborhood_Equity\.venv\Lib\site-packages\dbt\include\starter_project
[0m15:40:52.767428 [info ] [MainThread]: 
Your new dbt project "nyc311" was created!

For more information on how to configure the profiles.yml file,
please consult the dbt documentation here:

  https://docs.getdbt.com/docs/configure-your-profile

One more thing:

Need help? Don't hesitate to reach out to us via GitHub issues or on Slack:

  https://community.getdbt.com/

Happy modeling!

[0m15:40:52.767899 [info ] [MainThread]: Setting up your profile.
[0m15:44:19.744013 [info ] [MainThread]: Profile nyc311 written to C:\Users\dorlo\.dbt\profiles.yml using target's profile_template.yml and your supplied values. Run 'dbt debug' to validate the connection.
[0m15:44:19.745538 [debug] [MainThread]: Command `dbt init` succeeded at 15:44:19.745230 after 207.14 seconds
[0m15:44:19.745871 [debug] [MainThread]: Sending event: {'category': 'dbt', 'action': 'invocation', 'label': 'end', 'context': [<snowplow_tracker.self_describing_json.SelfDescribingJson object at 0x000001E9FA8BFA80>, <snowplow_tracker.self_describing_json.SelfDescribingJson object at 0x000001E9FA92D370>, <snowplow_tracker.self_describing_json.SelfDescribingJson object at 0x000001E9FA85A8B0>]}
[0m15:44:19.746156 [debug] [MainThread]: Flushing usage events
[0m15:44:19.957618 [debug] [MainThread]: An error was encountered while trying to flush usage events
[0m15:44:56.447458 [debug] [MainThread]: Sending event: {'category': 'dbt', 'action': 'invocation', 'label': 'start', 'context': [<snowplow_tracker.self_describing_json.SelfDescribingJson object at 0x00000280040BA660>, <snowplow_tracker.self_describing_json.SelfDescribingJson object at 0x000002807F97B250>, <snowplow_tracker.self_describing_json.SelfDescribingJson object at 0x0000028005493B10>]}


============================== 15:44:56.451093 | c971749d-543d-4c6d-b98a-a13ea56011bd ==============================
[0m15:44:56.451093 [info ] [MainThread]: Running with dbt=1.11.11
[0m15:44:56.451979 [debug] [MainThread]: running dbt with arguments {'static_parser': 'True', 'no_print': 'None', 'version_check': 'True', 'warn_error_options': 'WarnErrorOptionsV2(error=[], warn=[], silence=[])', 'target_path': 'None', 'printer_width': '80', 'write_json': 'True', 'introspect': 'True', 'log_cache_events': 'False', 'empty': 'None', 'cache_selected_only': 'False', 'fail_fast': 'False', 'debug': 'False', 'log_format': 'default', 'profiles_dir': 'C:\\Users\\dorlo\\.dbt', 'send_anonymous_usage_stats': 'True', 'quiet': 'False', 'warn_error': 'None', 'partial_parse': 'True', 'indirect_selection': 'eager', 'invocation_command': 'dbt init', 'use_colors': 'True', 'use_experimental_parser': 'False', 'log_path': 'logs'}
